<?xml version="1.0" encoding="UTF-8"?>
<!-- Generated by org.testng.reporters.JUnitReportReporter -->
<testsuite skipped="0" hostname="LAPTOP-B5GV5SUH" name="JavaStreamsWithSelenium" tests="1" failures="0" timestamp="2021-01-14T09:19:20 PST" time="20.673" errors="0">
  <testcase name="javaStream" time="20.673" classname="JavaStreamsWithSelenium"/>
  <system-out/>
</testsuite> <!-- JavaStreamsWithSelenium -->
