<?xml version="1.0" encoding="UTF-8"?>
<!-- Generated by org.testng.reporters.JUnitReportReporter -->
<testsuite skipped="0" hostname="LAPTOP-B5GV5SUH" name="JavaStreamsPractise" tests="1" failures="0" timestamp="2021-01-14T15:00:43 PST" time="0.094" errors="0">
  <testcase name="JavaStreamPractice" time="0.094" classname="JavaStreamsPractise"/>
  <system-out/>
</testsuite> <!-- JavaStreamsPractise -->
