<?xml version="1.0" encoding="UTF-8"?>
<!-- Generated by org.testng.reporters.JUnitReportReporter -->
<testsuite skipped="0" hostname="LAPTOP-B5GV5SUH" name="CalendarHandling" tests="1" failures="0" timestamp="2021-01-14T09:08:59 PST" time="64.823" errors="0">
  <testcase name="calendar" time="64.823" classname="CalendarHandling"/>
  <system-out/>
</testsuite> <!-- CalendarHandling -->
